time="2019-05-31T21:24:16-04:00" level=warning msg="Error walking path C:/Users/wende/OneDrive/Chronicle/The Chronicle of Arcefia/The Chronicle of Arcefia at file C:\Users\wende\OneDrive\Chronicle\The Chronicle of Arcefia\The Chronicle of Arcefia\Library\PackageCache\com.unity.multiplayer-hlapi@1.0.2\Tests\Runtime\GetCurrentRTTCallDoesntCrashWhenUseWebSockets\Resources\GetCurrentRTTCallDoesntCrashWhenUseWebSockets_PlayerPrefab.prefab, file will not be processed: GetFileAttributesEx C:\Users\wende\OneDrive\Chronicle\The Chronicle of Arcefia\The Chronicle of Arcefia\Library\PackageCache\com.unity.multiplayer-hlapi@1.0.2\Tests\Runtime\GetCurrentRTTCallDoesntCrashWhenUseWebSockets\Resources\GetCurrentRTTCallDoesntCrashWhenUseWebSockets_PlayerPrefab.prefab: The system cannot find the path specified." 
time="2019-05-31T21:24:16-04:00" level=warning msg="Error walking path C:/Users/wende/OneDrive/Chronicle/The Chronicle of Arcefia/The Chronicle of Arcefia at file C:\Users\wende\OneDrive\Chronicle\The Chronicle of Arcefia\The Chronicle of Arcefia\Library\PackageCache\com.unity.multiplayer-hlapi@1.0.2\Tests\Runtime\GetCurrentRTTCallDoesntCrashWhenUseWebSockets\Resources\GetCurrentRTTCallDoesntCrashWhenUseWebSockets_PlayerPrefab.prefab.meta, file will not be processed: GetFileAttributesEx C:\Users\wende\OneDrive\Chronicle\The Chronicle of Arcefia\The Chronicle of Arcefia\Library\PackageCache\com.unity.multiplayer-hlapi@1.0.2\Tests\Runtime\GetCurrentRTTCallDoesntCrashWhenUseWebSockets\Resources\GetCurrentRTTCallDoesntCrashWhenUseWebSockets_PlayerPrefab.prefab.meta: The system cannot find the path specified." 
time="2019-05-31T21:24:17-04:00" level=info msg="Found 0 files to check, scanning for binary images now..." 
time="2019-05-31T21:24:17-04:00" level=info msg="Found 0 binary images to process (not all files contain a binary image, and some contain multiple images)" 
time="2019-05-31T21:24:17-04:00" level=info msg="All 0 uploads completed with out error." 
time="2019-06-01T15:56:50-04:00" level=warning msg="Error walking path C:/Users/wende/OneDrive/Chronicle/The Chronicle of Arcefia/The Chronicle of Arcefia at file C:\Users\wende\OneDrive\Chronicle\The Chronicle of Arcefia\The Chronicle of Arcefia\Library\PackageCache\com.unity.multiplayer-hlapi@1.0.2\Tests\Runtime\GetCurrentRTTCallDoesntCrashWhenUseWebSockets\Resources\GetCurrentRTTCallDoesntCrashWhenUseWebSockets_PlayerPrefab.prefab, file will not be processed: GetFileAttributesEx C:\Users\wende\OneDrive\Chronicle\The Chronicle of Arcefia\The Chronicle of Arcefia\Library\PackageCache\com.unity.multiplayer-hlapi@1.0.2\Tests\Runtime\GetCurrentRTTCallDoesntCrashWhenUseWebSockets\Resources\GetCurrentRTTCallDoesntCrashWhenUseWebSockets_PlayerPrefab.prefab: The system cannot find the path specified." 
time="2019-06-01T15:56:50-04:00" level=warning msg="Error walking path C:/Users/wende/OneDrive/Chronicle/The Chronicle of Arcefia/The Chronicle of Arcefia at file C:\Users\wende\OneDrive\Chronicle\The Chronicle of Arcefia\The Chronicle of Arcefia\Library\PackageCache\com.unity.multiplayer-hlapi@1.0.2\Tests\Runtime\GetCurrentRTTCallDoesntCrashWhenUseWebSockets\Resources\GetCurrentRTTCallDoesntCrashWhenUseWebSockets_PlayerPrefab.prefab.meta, file will not be processed: GetFileAttributesEx C:\Users\wende\OneDrive\Chronicle\The Chronicle of Arcefia\The Chronicle of Arcefia\Library\PackageCache\com.unity.multiplayer-hlapi@1.0.2\Tests\Runtime\GetCurrentRTTCallDoesntCrashWhenUseWebSockets\Resources\GetCurrentRTTCallDoesntCrashWhenUseWebSockets_PlayerPrefab.prefab.meta: The system cannot find the path specified." 
time="2019-06-01T15:56:52-04:00" level=info msg="Found 0 files to check, scanning for binary images now..." 
time="2019-06-01T15:56:52-04:00" level=info msg="Found 0 binary images to process (not all files contain a binary image, and some contain multiple images)" 
time="2019-06-01T15:56:52-04:00" level=info msg="All 0 uploads completed with out error." 
time="2019-06-01T16:01:46-04:00" level=warning msg="Error walking path C:/Users/wende/OneDrive/Chronicle/The Chronicle of Arcefia/The Chronicle of Arcefia at file C:\Users\wende\OneDrive\Chronicle\The Chronicle of Arcefia\The Chronicle of Arcefia\Library\PackageCache\com.unity.multiplayer-hlapi@1.0.2\Tests\Runtime\GetCurrentRTTCallDoesntCrashWhenUseWebSockets\Resources\GetCurrentRTTCallDoesntCrashWhenUseWebSockets_PlayerPrefab.prefab, file will not be processed: GetFileAttributesEx C:\Users\wende\OneDrive\Chronicle\The Chronicle of Arcefia\The Chronicle of Arcefia\Library\PackageCache\com.unity.multiplayer-hlapi@1.0.2\Tests\Runtime\GetCurrentRTTCallDoesntCrashWhenUseWebSockets\Resources\GetCurrentRTTCallDoesntCrashWhenUseWebSockets_PlayerPrefab.prefab: The system cannot find the path specified." 
time="2019-06-01T16:01:46-04:00" level=warning msg="Error walking path C:/Users/wende/OneDrive/Chronicle/The Chronicle of Arcefia/The Chronicle of Arcefia at file C:\Users\wende\OneDrive\Chronicle\The Chronicle of Arcefia\The Chronicle of Arcefia\Library\PackageCache\com.unity.multiplayer-hlapi@1.0.2\Tests\Runtime\GetCurrentRTTCallDoesntCrashWhenUseWebSockets\Resources\GetCurrentRTTCallDoesntCrashWhenUseWebSockets_PlayerPrefab.prefab.meta, file will not be processed: GetFileAttributesEx C:\Users\wende\OneDrive\Chronicle\The Chronicle of Arcefia\The Chronicle of Arcefia\Library\PackageCache\com.unity.multiplayer-hlapi@1.0.2\Tests\Runtime\GetCurrentRTTCallDoesntCrashWhenUseWebSockets\Resources\GetCurrentRTTCallDoesntCrashWhenUseWebSockets_PlayerPrefab.prefab.meta: The system cannot find the path specified." 
time="2019-06-01T16:01:48-04:00" level=info msg="Found 0 files to check, scanning for binary images now..." 
time="2019-06-01T16:01:48-04:00" level=info msg="Found 0 binary images to process (not all files contain a binary image, and some contain multiple images)" 
time="2019-06-01T16:01:48-04:00" level=info msg="All 0 uploads completed with out error." 
time="2019-06-01T16:29:48-04:00" level=warning msg="Error walking path C:/Users/wende/OneDrive/Chronicle/The Chronicle of Arcefia/The Chronicle of Arcefia at file C:\Users\wende\OneDrive\Chronicle\The Chronicle of Arcefia\The Chronicle of Arcefia\Library\PackageCache\com.unity.multiplayer-hlapi@1.0.2\Tests\Runtime\GetCurrentRTTCallDoesntCrashWhenUseWebSockets\Resources\GetCurrentRTTCallDoesntCrashWhenUseWebSockets_PlayerPrefab.prefab, file will not be processed: GetFileAttributesEx C:\Users\wende\OneDrive\Chronicle\The Chronicle of Arcefia\The Chronicle of Arcefia\Library\PackageCache\com.unity.multiplayer-hlapi@1.0.2\Tests\Runtime\GetCurrentRTTCallDoesntCrashWhenUseWebSockets\Resources\GetCurrentRTTCallDoesntCrashWhenUseWebSockets_PlayerPrefab.prefab: The system cannot find the path specified." 
time="2019-06-01T16:29:48-04:00" level=warning msg="Error walking path C:/Users/wende/OneDrive/Chronicle/The Chronicle of Arcefia/The Chronicle of Arcefia at file C:\Users\wende\OneDrive\Chronicle\The Chronicle of Arcefia\The Chronicle of Arcefia\Library\PackageCache\com.unity.multiplayer-hlapi@1.0.2\Tests\Runtime\GetCurrentRTTCallDoesntCrashWhenUseWebSockets\Resources\GetCurrentRTTCallDoesntCrashWhenUseWebSockets_PlayerPrefab.prefab.meta, file will not be processed: GetFileAttributesEx C:\Users\wende\OneDrive\Chronicle\The Chronicle of Arcefia\The Chronicle of Arcefia\Library\PackageCache\com.unity.multiplayer-hlapi@1.0.2\Tests\Runtime\GetCurrentRTTCallDoesntCrashWhenUseWebSockets\Resources\GetCurrentRTTCallDoesntCrashWhenUseWebSockets_PlayerPrefab.prefab.meta: The system cannot find the path specified." 
time="2019-06-01T16:29:49-04:00" level=info msg="Found 0 files to check, scanning for binary images now..." 
time="2019-06-01T16:29:49-04:00" level=info msg="Found 0 binary images to process (not all files contain a binary image, and some contain multiple images)" 
time="2019-06-01T16:29:49-04:00" level=info msg="All 0 uploads completed with out error." 
time="2019-06-01T16:30:34-04:00" level=warning msg="Error walking path C:/Users/wende/OneDrive/Chronicle/The Chronicle of Arcefia/The Chronicle of Arcefia at file C:\Users\wende\OneDrive\Chronicle\The Chronicle of Arcefia\The Chronicle of Arcefia\Library\PackageCache\com.unity.multiplayer-hlapi@1.0.2\Tests\Runtime\GetCurrentRTTCallDoesntCrashWhenUseWebSockets\Resources\GetCurrentRTTCallDoesntCrashWhenUseWebSockets_PlayerPrefab.prefab, file will not be processed: GetFileAttributesEx C:\Users\wende\OneDrive\Chronicle\The Chronicle of Arcefia\The Chronicle of Arcefia\Library\PackageCache\com.unity.multiplayer-hlapi@1.0.2\Tests\Runtime\GetCurrentRTTCallDoesntCrashWhenUseWebSockets\Resources\GetCurrentRTTCallDoesntCrashWhenUseWebSockets_PlayerPrefab.prefab: The system cannot find the path specified." 
time="2019-06-01T16:30:34-04:00" level=warning msg="Error walking path C:/Users/wende/OneDrive/Chronicle/The Chronicle of Arcefia/The Chronicle of Arcefia at file C:\Users\wende\OneDrive\Chronicle\The Chronicle of Arcefia\The Chronicle of Arcefia\Library\PackageCache\com.unity.multiplayer-hlapi@1.0.2\Tests\Runtime\GetCurrentRTTCallDoesntCrashWhenUseWebSockets\Resources\GetCurrentRTTCallDoesntCrashWhenUseWebSockets_PlayerPrefab.prefab.meta, file will not be processed: GetFileAttributesEx C:\Users\wende\OneDrive\Chronicle\The Chronicle of Arcefia\The Chronicle of Arcefia\Library\PackageCache\com.unity.multiplayer-hlapi@1.0.2\Tests\Runtime\GetCurrentRTTCallDoesntCrashWhenUseWebSockets\Resources\GetCurrentRTTCallDoesntCrashWhenUseWebSockets_PlayerPrefab.prefab.meta: The system cannot find the path specified." 
time="2019-06-01T16:30:34-04:00" level=info msg="Found 0 files to check, scanning for binary images now..." 
time="2019-06-01T16:30:34-04:00" level=info msg="Found 0 binary images to process (not all files contain a binary image, and some contain multiple images)" 
time="2019-06-01T16:30:34-04:00" level=info msg="All 0 uploads completed with out error." 
time="2019-06-01T16:33:32-04:00" level=warning msg="Error walking path C:/Users/wende/OneDrive/Chronicle/The Chronicle of Arcefia/The Chronicle of Arcefia at file C:\Users\wende\OneDrive\Chronicle\The Chronicle of Arcefia\The Chronicle of Arcefia\Library\PackageCache\com.unity.multiplayer-hlapi@1.0.2\Tests\Runtime\GetCurrentRTTCallDoesntCrashWhenUseWebSockets\Resources\GetCurrentRTTCallDoesntCrashWhenUseWebSockets_PlayerPrefab.prefab, file will not be processed: GetFileAttributesEx C:\Users\wende\OneDrive\Chronicle\The Chronicle of Arcefia\The Chronicle of Arcefia\Library\PackageCache\com.unity.multiplayer-hlapi@1.0.2\Tests\Runtime\GetCurrentRTTCallDoesntCrashWhenUseWebSockets\Resources\GetCurrentRTTCallDoesntCrashWhenUseWebSockets_PlayerPrefab.prefab: The system cannot find the path specified." 
time="2019-06-01T16:33:32-04:00" level=warning msg="Error walking path C:/Users/wende/OneDrive/Chronicle/The Chronicle of Arcefia/The Chronicle of Arcefia at file C:\Users\wende\OneDrive\Chronicle\The Chronicle of Arcefia\The Chronicle of Arcefia\Library\PackageCache\com.unity.multiplayer-hlapi@1.0.2\Tests\Runtime\GetCurrentRTTCallDoesntCrashWhenUseWebSockets\Resources\GetCurrentRTTCallDoesntCrashWhenUseWebSockets_PlayerPrefab.prefab.meta, file will not be processed: GetFileAttributesEx C:\Users\wende\OneDrive\Chronicle\The Chronicle of Arcefia\The Chronicle of Arcefia\Library\PackageCache\com.unity.multiplayer-hlapi@1.0.2\Tests\Runtime\GetCurrentRTTCallDoesntCrashWhenUseWebSockets\Resources\GetCurrentRTTCallDoesntCrashWhenUseWebSockets_PlayerPrefab.prefab.meta: The system cannot find the path specified." 
time="2019-06-01T16:33:33-04:00" level=info msg="Found 0 files to check, scanning for binary images now..." 
time="2019-06-01T16:33:33-04:00" level=info msg="Found 0 binary images to process (not all files contain a binary image, and some contain multiple images)" 
time="2019-06-01T16:33:33-04:00" level=info msg="All 0 uploads completed with out error." 
time="2019-06-02T17:07:59-04:00" level=info msg="Found 0 files to check, scanning for binary images now..." 
time="2019-06-02T17:07:59-04:00" level=info msg="Found 0 binary images to process (not all files contain a binary image, and some contain multiple images)" 
time="2019-06-02T17:07:59-04:00" level=info msg="All 0 uploads completed with out error." 
time="2019-06-15T00:33:38-04:00" level=info msg="Found 0 files to check, scanning for binary images now..." 
time="2019-06-15T00:33:38-04:00" level=info msg="Found 0 binary images to process (not all files contain a binary image, and some contain multiple images)" 
time="2019-06-15T00:33:38-04:00" level=info msg="All 0 uploads completed with out error." 
time="2019-06-20T17:10:07-04:00" level=info msg="Found 0 files to check, scanning for binary images now..." 
time="2019-06-20T17:10:07-04:00" level=info msg="Found 0 binary images to process (not all files contain a binary image, and some contain multiple images)" 
time="2019-06-20T17:10:07-04:00" level=info msg="All 0 uploads completed with out error." 
time="2019-06-20T19:29:04-04:00" level=info msg="Found 0 files to check, scanning for binary images now..." 
time="2019-06-20T19:29:04-04:00" level=info msg="Found 0 binary images to process (not all files contain a binary image, and some contain multiple images)" 
time="2019-06-20T19:29:04-04:00" level=info msg="All 0 uploads completed with out error." 
time="2019-06-20T19:34:44-04:00" level=info msg="Found 0 files to check, scanning for binary images now..." 
time="2019-06-20T19:34:44-04:00" level=info msg="Found 0 binary images to process (not all files contain a binary image, and some contain multiple images)" 
time="2019-06-20T19:34:44-04:00" level=info msg="All 0 uploads completed with out error." 
time="2019-06-20T19:37:22-04:00" level=info msg="Found 0 files to check, scanning for binary images now..." 
time="2019-06-20T19:37:22-04:00" level=info msg="Found 0 binary images to process (not all files contain a binary image, and some contain multiple images)" 
time="2019-06-20T19:37:22-04:00" level=info msg="All 0 uploads completed with out error." 
time="2019-06-20T19:40:03-04:00" level=info msg="Found 0 files to check, scanning for binary images now..." 
time="2019-06-20T19:40:03-04:00" level=info msg="Found 0 binary images to process (not all files contain a binary image, and some contain multiple images)" 
time="2019-06-20T19:40:03-04:00" level=info msg="All 0 uploads completed with out error." 
time="2019-06-20T19:40:15-04:00" level=info msg="Found 0 files to check, scanning for binary images now..." 
time="2019-06-20T19:40:15-04:00" level=info msg="Found 0 binary images to process (not all files contain a binary image, and some contain multiple images)" 
time="2019-06-20T19:40:15-04:00" level=info msg="All 0 uploads completed with out error." 
time="2019-06-20T19:43:16-04:00" level=info msg="Found 0 files to check, scanning for binary images now..." 
time="2019-06-20T19:43:16-04:00" level=info msg="Found 0 binary images to process (not all files contain a binary image, and some contain multiple images)" 
time="2019-06-20T19:43:16-04:00" level=info msg="All 0 uploads completed with out error." 
time="2019-06-20T19:45:47-04:00" level=info msg="Found 0 files to check, scanning for binary images now..." 
time="2019-06-20T19:45:47-04:00" level=info msg="Found 0 binary images to process (not all files contain a binary image, and some contain multiple images)" 
time="2019-06-20T19:45:47-04:00" level=info msg="All 0 uploads completed with out error." 
time="2019-06-22T12:47:11-04:00" level=info msg="Found 0 files to check, scanning for binary images now..." 
time="2019-06-22T12:47:11-04:00" level=info msg="Found 0 binary images to process (not all files contain a binary image, and some contain multiple images)" 
time="2019-06-22T12:47:11-04:00" level=info msg="All 0 uploads completed with out error." 
time="2019-07-18T22:36:56-04:00" level=info msg="Found 0 files to check, scanning for binary images now..." 
time="2019-07-18T22:36:56-04:00" level=info msg="Found 0 binary images to process (not all files contain a binary image, and some contain multiple images)" 
time="2019-07-18T22:36:56-04:00" level=info msg="All 0 uploads completed with out error." 
time="2019-07-19T19:06:54-04:00" level=info msg="Found 0 files to check, scanning for binary images now..." 
time="2019-07-19T19:06:54-04:00" level=info msg="Found 0 binary images to process (not all files contain a binary image, and some contain multiple images)" 
time="2019-07-19T19:06:54-04:00" level=info msg="All 0 uploads completed with out error." 
time="2019-07-20T17:08:45-04:00" level=info msg="Found 0 files to check, scanning for binary images now..." 
time="2019-07-20T17:08:45-04:00" level=info msg="Found 0 binary images to process (not all files contain a binary image, and some contain multiple images)" 
time="2019-07-20T17:08:45-04:00" level=info msg="All 0 uploads completed with out error." 
time="2019-07-26T20:20:20-04:00" level=info msg="Found 0 files to check, scanning for binary images now..." 
time="2019-07-26T20:20:20-04:00" level=info msg="Found 0 binary images to process (not all files contain a binary image, and some contain multiple images)" 
time="2019-07-26T20:20:20-04:00" level=info msg="All 0 uploads completed with out error." 
time="2019-07-31T00:24:50-04:00" level=info msg="Found 0 files to check, scanning for binary images now..." 
time="2019-07-31T00:24:50-04:00" level=info msg="Found 0 binary images to process (not all files contain a binary image, and some contain multiple images)" 
time="2019-07-31T00:24:50-04:00" level=info msg="All 0 uploads completed with out error." 
time="2019-07-31T15:04:33-04:00" level=info msg="Using filter: GameAssembly.pdb" 
time="2019-07-31T15:04:33-04:00" level=info msg="Found 0 files to check, scanning for binary images now..." 
time="2019-07-31T15:04:33-04:00" level=info msg="Found 0 binary images to process (not all files contain a binary image, and some contain multiple images)" 
time="2019-07-31T15:12:32-04:00" level=info msg="Using filter: GameAssembly.pdb" 
time="2019-07-31T15:12:32-04:00" level=info msg="Found 0 files to check, scanning for binary images now..." 
time="2019-07-31T15:12:32-04:00" level=info msg="Found 0 binary images to process (not all files contain a binary image, and some contain multiple images)" 
time="2019-07-31T15:16:38-04:00" level=info msg="Using filter: GameAssembly.pdb" 
time="2019-07-31T15:16:38-04:00" level=info msg="Found 0 files to check, scanning for binary images now..." 
time="2019-07-31T15:16:38-04:00" level=info msg="Found 0 binary images to process (not all files contain a binary image, and some contain multiple images)" 
time="2019-07-31T15:31:32-04:00" level=info msg="Using filter: GameAssembly.pdb" 
time="2019-07-31T15:31:32-04:00" level=info msg="Found 0 files to check, scanning for binary images now..." 
time="2019-07-31T15:31:32-04:00" level=info msg="Found 0 binary images to process (not all files contain a binary image, and some contain multiple images)" 
time="2019-07-31T15:37:58-04:00" level=info msg="Using filter: GameAssembly.pdb" 
time="2019-07-31T15:37:58-04:00" level=info msg="Found 0 files to check, scanning for binary images now..." 
time="2019-07-31T15:37:58-04:00" level=info msg="Found 0 binary images to process (not all files contain a binary image, and some contain multiple images)" 
time="2019-07-31T15:43:53-04:00" level=info msg="Using filter: GameAssembly.pdb" 
time="2019-07-31T15:43:53-04:00" level=info msg="Found 0 files to check, scanning for binary images now..." 
time="2019-07-31T15:43:53-04:00" level=info msg="Found 0 binary images to process (not all files contain a binary image, and some contain multiple images)" 
time="2019-07-31T15:47:46-04:00" level=info msg="Using filter: GameAssembly.pdb" 
time="2019-07-31T15:47:46-04:00" level=info msg="Found 0 files to check, scanning for binary images now..." 
time="2019-07-31T15:47:46-04:00" level=info msg="Found 0 binary images to process (not all files contain a binary image, and some contain multiple images)" 
time="2019-07-31T15:53:00-04:00" level=info msg="Using filter: GameAssembly.pdb" 
time="2019-07-31T15:53:00-04:00" level=info msg="Found 0 files to check, scanning for binary images now..." 
time="2019-07-31T15:53:00-04:00" level=info msg="Found 0 binary images to process (not all files contain a binary image, and some contain multiple images)" 
time="2019-08-11T20:16:00-04:00" level=info msg="Using filter: GameAssembly.pdb" 
time="2019-08-11T20:16:00-04:00" level=info msg="Found 0 files to check, scanning for binary images now..." 
time="2019-08-11T20:16:00-04:00" level=info msg="Found 0 binary images to process (not all files contain a binary image, and some contain multiple images)" 
time="2019-08-12T01:13:51-04:00" level=info msg="Using filter: GameAssembly.pdb" 
time="2019-08-12T01:13:51-04:00" level=info msg="Found 0 files to check, scanning for binary images now..." 
time="2019-08-12T01:13:51-04:00" level=info msg="Found 0 binary images to process (not all files contain a binary image, and some contain multiple images)" 
time="2019-08-12T01:37:06-04:00" level=info msg="Using filter: GameAssembly.pdb" 
time="2019-08-12T01:37:07-04:00" level=info msg="Found 0 files to check, scanning for binary images now..." 
time="2019-08-12T01:37:07-04:00" level=info msg="Found 0 binary images to process (not all files contain a binary image, and some contain multiple images)" 
time="2020-01-19T19:34:39-05:00" level=info msg="Using filter: GameAssembly.pdb" 
time="2020-01-19T19:34:39-05:00" level=info msg="Found 0 files to check, scanning for binary images now..." 
time="2020-01-19T19:34:39-05:00" level=info msg="Found 0 binary images to process (not all files contain a binary image, and some contain multiple images)" 
time="2020-01-19T19:35:28-05:00" level=info msg="Using filter: GameAssembly.pdb" 
time="2020-01-19T19:35:28-05:00" level=info msg="Found 0 files to check, scanning for binary images now..." 
time="2020-01-19T19:35:28-05:00" level=info msg="Found 0 binary images to process (not all files contain a binary image, and some contain multiple images)" 
time="2020-01-19T20:47:48-05:00" level=info msg="Using filter: GameAssembly.pdb" 
time="2020-01-19T20:47:48-05:00" level=info msg="Found 0 files to check, scanning for binary images now..." 
time="2020-01-19T20:47:48-05:00" level=info msg="Found 0 binary images to process (not all files contain a binary image, and some contain multiple images)" 
time="2020-01-19T20:52:31-05:00" level=info msg="Using filter: GameAssembly.pdb" 
time="2020-01-19T20:52:31-05:00" level=info msg="Found 0 files to check, scanning for binary images now..." 
time="2020-01-19T20:52:31-05:00" level=info msg="Found 0 binary images to process (not all files contain a binary image, and some contain multiple images)" 
time="2020-02-08T20:43:47-05:00" level=info msg="Using filter: GameAssembly.pdb" 
time="2020-02-08T20:43:47-05:00" level=info msg="Found 0 files to check, scanning for binary images now..." 
time="2020-02-08T20:43:47-05:00" level=info msg="Found 0 binary images to process (not all files contain a binary image, and some contain multiple images)" 
time="2020-02-08T20:57:21-05:00" level=info msg="Using filter: GameAssembly.pdb" 
time="2020-02-08T20:57:21-05:00" level=info msg="Found 0 files to check, scanning for binary images now..." 
time="2020-02-08T20:57:21-05:00" level=info msg="Found 0 binary images to process (not all files contain a binary image, and some contain multiple images)" 
time="2020-02-08T21:05:14-05:00" level=info msg="Using filter: GameAssembly.pdb" 
time="2020-02-08T21:05:14-05:00" level=info msg="Found 0 files to check, scanning for binary images now..." 
time="2020-02-08T21:05:14-05:00" level=info msg="Found 0 binary images to process (not all files contain a binary image, and some contain multiple images)" 
time="2020-02-08T21:13:03-05:00" level=info msg="Using filter: GameAssembly.pdb" 
time="2020-02-08T21:13:03-05:00" level=info msg="Found 0 files to check, scanning for binary images now..." 
time="2020-02-08T21:13:03-05:00" level=info msg="Found 0 binary images to process (not all files contain a binary image, and some contain multiple images)" 
time="2020-03-30T20:05:26-04:00" level=info msg="Using filter: GameAssembly.pdb" 
time="2020-03-30T20:05:26-04:00" level=info msg="Found 0 files to check, scanning for binary images now..." 
time="2020-03-30T20:05:26-04:00" level=info msg="Found 0 binary images to process (not all files contain a binary image, and some contain multiple images)" 
time="2020-03-30T20:17:08-04:00" level=info msg="Using filter: GameAssembly.pdb" 
time="2020-03-30T20:17:08-04:00" level=info msg="Found 0 files to check, scanning for binary images now..." 
time="2020-03-30T20:17:08-04:00" level=info msg="Found 0 binary images to process (not all files contain a binary image, and some contain multiple images)" 
time="2020-03-30T21:45:26-04:00" level=info msg="Using filter: GameAssembly.pdb" 
time="2020-03-30T21:45:26-04:00" level=info msg="Found 0 files to check, scanning for binary images now..." 
time="2020-03-30T21:45:26-04:00" level=info msg="Found 0 binary images to process (not all files contain a binary image, and some contain multiple images)" 
time="2020-06-26T22:33:55-04:00" level=info msg="Using filter: GameAssembly.pdb" 
time="2020-06-26T22:33:55-04:00" level=info msg="Found 0 files to check, scanning for binary images now..." 
time="2020-06-26T22:33:55-04:00" level=info msg="Found 0 binary images to process (not all files contain a binary image, and some contain multiple images)" 
time="2020-06-26T22:34:57-04:00" level=info msg="Using filter: GameAssembly.pdb" 
time="2020-06-26T22:34:58-04:00" level=info msg="Found 0 files to check, scanning for binary images now..." 
time="2020-06-26T22:34:58-04:00" level=info msg="Found 0 binary images to process (not all files contain a binary image, and some contain multiple images)" 
time="2020-06-26T22:38:34-04:00" level=info msg="Using filter: GameAssembly.pdb" 
time="2020-06-26T22:38:34-04:00" level=info msg="Found 0 files to check, scanning for binary images now..." 
time="2020-06-26T22:38:34-04:00" level=info msg="Found 0 binary images to process (not all files contain a binary image, and some contain multiple images)" 
time="2020-06-26T22:39:21-04:00" level=info msg="Using filter: GameAssembly.pdb" 
time="2020-06-26T22:39:21-04:00" level=info msg="Found 0 files to check, scanning for binary images now..." 
time="2020-06-26T22:39:21-04:00" level=info msg="Found 0 binary images to process (not all files contain a binary image, and some contain multiple images)" 
time="2020-06-26T23:02:26-04:00" level=info msg="Using filter: GameAssembly.pdb" 
time="2020-06-26T23:02:26-04:00" level=info msg="Found 0 files to check, scanning for binary images now..." 
time="2020-06-26T23:02:26-04:00" level=info msg="Found 0 binary images to process (not all files contain a binary image, and some contain multiple images)" 
time="2020-06-26T23:04:16-04:00" level=info msg="Using filter: GameAssembly.pdb" 
time="2020-06-26T23:04:16-04:00" level=info msg="Found 0 files to check, scanning for binary images now..." 
time="2020-06-26T23:04:16-04:00" level=info msg="Found 0 binary images to process (not all files contain a binary image, and some contain multiple images)" 
time="2020-06-26T23:05:33-04:00" level=info msg="Using filter: GameAssembly.pdb" 
time="2020-06-26T23:05:33-04:00" level=info msg="Found 0 files to check, scanning for binary images now..." 
time="2020-06-26T23:05:33-04:00" level=info msg="Found 0 binary images to process (not all files contain a binary image, and some contain multiple images)" 
time="2020-06-26T23:14:14-04:00" level=info msg="Using filter: GameAssembly.pdb" 
time="2020-06-26T23:14:14-04:00" level=info msg="Found 0 files to check, scanning for binary images now..." 
time="2020-06-26T23:14:14-04:00" level=info msg="Found 0 binary images to process (not all files contain a binary image, and some contain multiple images)" 
time="2020-06-26T23:15:33-04:00" level=info msg="Using filter: GameAssembly.pdb" 
time="2020-06-26T23:15:33-04:00" level=info msg="Found 0 files to check, scanning for binary images now..." 
time="2020-06-26T23:15:33-04:00" level=info msg="Found 0 binary images to process (not all files contain a binary image, and some contain multiple images)" 
time="2020-06-26T23:19:22-04:00" level=info msg="Using filter: GameAssembly.pdb" 
time="2020-06-26T23:19:22-04:00" level=info msg="Found 0 files to check, scanning for binary images now..." 
time="2020-06-26T23:19:22-04:00" level=info msg="Found 0 binary images to process (not all files contain a binary image, and some contain multiple images)" 
time="2020-06-26T23:29:27-04:00" level=info msg="Using filter: GameAssembly.pdb" 
time="2020-06-26T23:29:27-04:00" level=info msg="Found 0 files to check, scanning for binary images now..." 
time="2020-06-26T23:29:27-04:00" level=info msg="Found 0 binary images to process (not all files contain a binary image, and some contain multiple images)" 
time="2020-06-26T23:35:29-04:00" level=info msg="Using filter: GameAssembly.pdb" 
time="2020-06-26T23:35:29-04:00" level=info msg="Found 0 files to check, scanning for binary images now..." 
time="2020-06-26T23:35:29-04:00" level=info msg="Found 0 binary images to process (not all files contain a binary image, and some contain multiple images)" 
time="2020-06-26T23:54:43-04:00" level=info msg="Using filter: GameAssembly.pdb" 
time="2020-06-26T23:54:43-04:00" level=info msg="Found 0 files to check, scanning for binary images now..." 
time="2020-06-26T23:54:43-04:00" level=info msg="Found 0 binary images to process (not all files contain a binary image, and some contain multiple images)" 
time="2020-06-26T23:56:21-04:00" level=info msg="Using filter: GameAssembly.pdb" 
time="2020-06-26T23:56:21-04:00" level=info msg="Found 0 files to check, scanning for binary images now..." 
time="2020-06-26T23:56:21-04:00" level=info msg="Found 0 binary images to process (not all files contain a binary image, and some contain multiple images)" 
time="2020-06-26T23:57:44-04:00" level=info msg="Using filter: GameAssembly.pdb" 
time="2020-06-26T23:57:44-04:00" level=info msg="Found 0 files to check, scanning for binary images now..." 
time="2020-06-26T23:57:44-04:00" level=info msg="Found 0 binary images to process (not all files contain a binary image, and some contain multiple images)" 
time="2020-06-26T23:58:31-04:00" level=info msg="Using filter: GameAssembly.pdb" 
time="2020-06-26T23:58:31-04:00" level=info msg="Found 0 files to check, scanning for binary images now..." 
time="2020-06-26T23:58:31-04:00" level=info msg="Found 0 binary images to process (not all files contain a binary image, and some contain multiple images)" 
time="2020-06-26T23:59:42-04:00" level=info msg="Using filter: GameAssembly.pdb" 
time="2020-06-26T23:59:42-04:00" level=info msg="Found 0 files to check, scanning for binary images now..." 
time="2020-06-26T23:59:42-04:00" level=info msg="Found 0 binary images to process (not all files contain a binary image, and some contain multiple images)" 
time="2020-06-27T00:10:23-04:00" level=info msg="Using filter: GameAssembly.pdb" 
time="2020-06-27T00:10:23-04:00" level=info msg="Found 0 files to check, scanning for binary images now..." 
time="2020-06-27T00:10:23-04:00" level=info msg="Found 0 binary images to process (not all files contain a binary image, and some contain multiple images)" 
time="2020-06-27T00:14:24-04:00" level=info msg="Using filter: GameAssembly.pdb" 
time="2020-06-27T00:14:24-04:00" level=info msg="Found 0 files to check, scanning for binary images now..." 
time="2020-06-27T00:14:24-04:00" level=info msg="Found 0 binary images to process (not all files contain a binary image, and some contain multiple images)" 
time="2020-06-27T00:15:40-04:00" level=info msg="Using filter: GameAssembly.pdb" 
time="2020-06-27T00:15:40-04:00" level=info msg="Found 0 files to check, scanning for binary images now..." 
time="2020-06-27T00:15:40-04:00" level=info msg="Found 0 binary images to process (not all files contain a binary image, and some contain multiple images)" 
time="2020-06-27T00:27:49-04:00" level=info msg="Using filter: GameAssembly.pdb" 
time="2020-06-27T00:27:49-04:00" level=info msg="Found 0 files to check, scanning for binary images now..." 
time="2020-06-27T00:27:49-04:00" level=info msg="Found 0 binary images to process (not all files contain a binary image, and some contain multiple images)" 
time="2020-06-27T00:31:08-04:00" level=info msg="Using filter: GameAssembly.pdb" 
time="2020-06-27T00:31:08-04:00" level=info msg="Found 0 files to check, scanning for binary images now..." 
time="2020-06-27T00:31:08-04:00" level=info msg="Found 0 binary images to process (not all files contain a binary image, and some contain multiple images)" 
time="2020-06-27T00:42:31-04:00" level=info msg="Using filter: GameAssembly.pdb" 
time="2020-06-27T00:42:31-04:00" level=info msg="Found 0 files to check, scanning for binary images now..." 
time="2020-06-27T00:42:31-04:00" level=info msg="Found 0 binary images to process (not all files contain a binary image, and some contain multiple images)" 
time="2020-06-27T00:44:47-04:00" level=info msg="Using filter: GameAssembly.pdb" 
time="2020-06-27T00:44:47-04:00" level=info msg="Found 0 files to check, scanning for binary images now..." 
time="2020-06-27T00:44:47-04:00" level=info msg="Found 0 binary images to process (not all files contain a binary image, and some contain multiple images)" 
time="2020-06-27T00:54:48-04:00" level=info msg="Using filter: GameAssembly.pdb" 
time="2020-06-27T00:54:49-04:00" level=info msg="Found 0 files to check, scanning for binary images now..." 
time="2020-06-27T00:54:49-04:00" level=info msg="Found 0 binary images to process (not all files contain a binary image, and some contain multiple images)" 
time="2020-06-27T01:05:39-04:00" level=info msg="Using filter: GameAssembly.pdb" 
time="2020-06-27T01:05:39-04:00" level=info msg="Found 0 files to check, scanning for binary images now..." 
time="2020-06-27T01:05:39-04:00" level=info msg="Found 0 binary images to process (not all files contain a binary image, and some contain multiple images)" 
time="2020-06-27T01:08:58-04:00" level=info msg="Using filter: GameAssembly.pdb" 
time="2020-06-27T01:08:58-04:00" level=info msg="Found 0 files to check, scanning for binary images now..." 
time="2020-06-27T01:08:58-04:00" level=info msg="Found 0 binary images to process (not all files contain a binary image, and some contain multiple images)" 
time="2020-06-27T01:11:15-04:00" level=info msg="Using filter: GameAssembly.pdb" 
time="2020-06-27T01:11:15-04:00" level=info msg="Found 0 files to check, scanning for binary images now..." 
time="2020-06-27T01:11:15-04:00" level=info msg="Found 0 binary images to process (not all files contain a binary image, and some contain multiple images)" 
time="2020-06-27T01:15:58-04:00" level=info msg="Using filter: GameAssembly.pdb" 
time="2020-06-27T01:15:58-04:00" level=info msg="Found 0 files to check, scanning for binary images now..." 
time="2020-06-27T01:15:58-04:00" level=info msg="Found 0 binary images to process (not all files contain a binary image, and some contain multiple images)" 
time="2020-06-27T01:20:10-04:00" level=info msg="Using filter: GameAssembly.pdb" 
time="2020-06-27T01:20:11-04:00" level=info msg="Found 0 files to check, scanning for binary images now..." 
time="2020-06-27T01:20:11-04:00" level=info msg="Found 0 binary images to process (not all files contain a binary image, and some contain multiple images)" 
time="2020-06-27T01:27:37-04:00" level=info msg="Using filter: GameAssembly.pdb" 
time="2020-06-27T01:27:37-04:00" level=info msg="Found 0 files to check, scanning for binary images now..." 
time="2020-06-27T01:27:37-04:00" level=info msg="Found 0 binary images to process (not all files contain a binary image, and some contain multiple images)" 
time="2020-06-27T01:29:03-04:00" level=info msg="Using filter: GameAssembly.pdb" 
time="2020-06-27T01:29:03-04:00" level=info msg="Found 0 files to check, scanning for binary images now..." 
time="2020-06-27T01:29:03-04:00" level=info msg="Found 0 binary images to process (not all files contain a binary image, and some contain multiple images)" 
time="2020-06-27T01:36:56-04:00" level=info msg="Using filter: GameAssembly.pdb" 
time="2020-06-27T01:36:56-04:00" level=info msg="Found 0 files to check, scanning for binary images now..." 
time="2020-06-27T01:36:56-04:00" level=info msg="Found 0 binary images to process (not all files contain a binary image, and some contain multiple images)" 
time="2020-06-27T01:37:58-04:00" level=info msg="Using filter: GameAssembly.pdb" 
time="2020-06-27T01:37:58-04:00" level=info msg="Found 0 files to check, scanning for binary images now..." 
time="2020-06-27T01:37:58-04:00" level=info msg="Found 0 binary images to process (not all files contain a binary image, and some contain multiple images)" 
time="2020-06-27T01:39:16-04:00" level=info msg="Using filter: GameAssembly.pdb" 
time="2020-06-27T01:39:16-04:00" level=info msg="Found 0 files to check, scanning for binary images now..." 
time="2020-06-27T01:39:16-04:00" level=info msg="Found 0 binary images to process (not all files contain a binary image, and some contain multiple images)" 
time="2020-06-27T01:41:29-04:00" level=info msg="Using filter: GameAssembly.pdb" 
time="2020-06-27T01:41:29-04:00" level=info msg="Found 0 files to check, scanning for binary images now..." 
time="2020-06-27T01:41:29-04:00" level=info msg="Found 0 binary images to process (not all files contain a binary image, and some contain multiple images)" 
time="2020-06-27T01:42:09-04:00" level=info msg="Using filter: GameAssembly.pdb" 
time="2020-06-27T01:42:09-04:00" level=info msg="Found 0 files to check, scanning for binary images now..." 
time="2020-06-27T01:42:09-04:00" level=info msg="Found 0 binary images to process (not all files contain a binary image, and some contain multiple images)" 
time="2020-06-27T02:46:15-04:00" level=info msg="Using filter: GameAssembly.pdb" 
time="2020-06-27T02:46:15-04:00" level=info msg="Found 0 files to check, scanning for binary images now..." 
time="2020-06-27T02:46:15-04:00" level=info msg="Found 0 binary images to process (not all files contain a binary image, and some contain multiple images)" 
time="2020-06-27T04:05:13-04:00" level=info msg="Using filter: GameAssembly.pdb" 
time="2020-06-27T04:05:13-04:00" level=info msg="Found 0 files to check, scanning for binary images now..." 
time="2020-06-27T04:05:13-04:00" level=info msg="Found 0 binary images to process (not all files contain a binary image, and some contain multiple images)" 
time="2020-06-27T04:10:45-04:00" level=info msg="Using filter: GameAssembly.pdb" 
time="2020-06-27T04:10:45-04:00" level=info msg="Found 0 files to check, scanning for binary images now..." 
time="2020-06-27T04:10:45-04:00" level=info msg="Found 0 binary images to process (not all files contain a binary image, and some contain multiple images)" 
time="2020-06-27T04:26:52-04:00" level=info msg="Using filter: GameAssembly.pdb" 
time="2020-06-27T04:26:52-04:00" level=info msg="Found 0 files to check, scanning for binary images now..." 
time="2020-06-27T04:26:52-04:00" level=info msg="Found 0 binary images to process (not all files contain a binary image, and some contain multiple images)" 
time="2020-06-27T04:32:58-04:00" level=info msg="Using filter: GameAssembly.pdb" 
time="2020-06-27T04:32:59-04:00" level=info msg="Found 0 files to check, scanning for binary images now..." 
time="2020-06-27T04:32:59-04:00" level=info msg="Found 0 binary images to process (not all files contain a binary image, and some contain multiple images)" 
time="2020-06-27T04:38:37-04:00" level=info msg="Using filter: GameAssembly.pdb" 
time="2020-06-27T04:38:37-04:00" level=info msg="Found 0 files to check, scanning for binary images now..." 
time="2020-06-27T04:38:37-04:00" level=info msg="Found 0 binary images to process (not all files contain a binary image, and some contain multiple images)" 
time="2020-06-28T00:12:00-04:00" level=info msg="Using filter: GameAssembly.pdb" 
time="2020-06-28T00:12:00-04:00" level=info msg="Found 0 files to check, scanning for binary images now..." 
time="2020-06-28T00:12:00-04:00" level=info msg="Found 0 binary images to process (not all files contain a binary image, and some contain multiple images)" 
time="2020-06-28T01:45:44-04:00" level=info msg="Using filter: GameAssembly.pdb" 
time="2020-06-28T01:45:45-04:00" level=info msg="Found 0 files to check, scanning for binary images now..." 
time="2020-06-28T01:45:45-04:00" level=info msg="Found 0 binary images to process (not all files contain a binary image, and some contain multiple images)" 
time="2020-06-28T01:47:52-04:00" level=info msg="Using filter: GameAssembly.pdb" 
time="2020-06-28T01:47:52-04:00" level=info msg="Found 0 files to check, scanning for binary images now..." 
time="2020-06-28T01:47:52-04:00" level=info msg="Found 0 binary images to process (not all files contain a binary image, and some contain multiple images)" 
time="2020-06-28T01:57:41-04:00" level=info msg="Using filter: GameAssembly.pdb" 
time="2020-06-28T01:57:41-04:00" level=info msg="Found 0 files to check, scanning for binary images now..." 
time="2020-06-28T01:57:41-04:00" level=info msg="Found 0 binary images to process (not all files contain a binary image, and some contain multiple images)" 
time="2020-06-28T05:25:29-04:00" level=info msg="Using filter: GameAssembly.pdb" 
time="2020-06-28T05:25:29-04:00" level=info msg="Found 0 files to check, scanning for binary images now..." 
time="2020-06-28T05:25:29-04:00" level=info msg="Found 0 binary images to process (not all files contain a binary image, and some contain multiple images)" 
time="2020-06-28T05:28:34-04:00" level=info msg="Using filter: GameAssembly.pdb" 
time="2020-06-28T05:28:34-04:00" level=info msg="Found 0 files to check, scanning for binary images now..." 
time="2020-06-28T05:28:34-04:00" level=info msg="Found 0 binary images to process (not all files contain a binary image, and some contain multiple images)" 
time="2020-06-30T00:59:26-04:00" level=info msg="Using filter: GameAssembly.pdb" 
time="2020-06-30T00:59:26-04:00" level=info msg="Found 0 files to check, scanning for binary images now..." 
time="2020-06-30T00:59:26-04:00" level=info msg="Found 0 binary images to process (not all files contain a binary image, and some contain multiple images)" 
time="2020-06-30T23:25:11-04:00" level=info msg="Using filter: GameAssembly.pdb" 
time="2020-06-30T23:25:12-04:00" level=info msg="Found 0 files to check, scanning for binary images now..." 
time="2020-06-30T23:25:12-04:00" level=info msg="Found 0 binary images to process (not all files contain a binary image, and some contain multiple images)" 
time="2020-06-30T23:27:17-04:00" level=info msg="Using filter: GameAssembly.pdb" 
time="2020-06-30T23:27:17-04:00" level=info msg="Found 0 files to check, scanning for binary images now..." 
time="2020-06-30T23:27:17-04:00" level=info msg="Found 0 binary images to process (not all files contain a binary image, and some contain multiple images)" 
time="2020-07-11T13:35:49-04:00" level=info msg="Using filter: GameAssembly.pdb" 
time="2020-07-11T13:35:49-04:00" level=info msg="Found 0 files to check, scanning for binary images now..." 
time="2020-07-11T13:35:49-04:00" level=info msg="Found 0 binary images to process (not all files contain a binary image, and some contain multiple images)" 
time="2020-07-11T13:39:19-04:00" level=info msg="Using filter: GameAssembly.pdb" 
time="2020-07-11T13:39:19-04:00" level=info msg="Found 0 files to check, scanning for binary images now..." 
time="2020-07-11T13:39:19-04:00" level=info msg="Found 0 binary images to process (not all files contain a binary image, and some contain multiple images)" 
time="2020-07-11T13:54:14-04:00" level=warning msg="Error walking path D:\MinervaStudio\CanuteBuild\20200711M_BackUpThisFolder_ButDontShipItWithYourGame\GameAssembly.dSYM at file D:\MinervaStudio\CanuteBuild\20200711M_BackUpThisFolder_ButDontShipItWithYourGame\GameAssembly.dSYM, file will not be processed: GetFileAttributesEx D:\MinervaStudio\CanuteBuild\20200711M_BackUpThisFolder_ButDontShipItWithYourGame\GameAssembly.dSYM: The system cannot find the path specified." 
time="2020-07-11T13:54:14-04:00" level=info msg="Found 0 files to check, scanning for binary images now..." 
time="2020-07-11T13:54:14-04:00" level=info msg="Found 0 binary images to process (not all files contain a binary image, and some contain multiple images)" 
time="2020-07-11T14:49:04-04:00" level=info msg="Using filter: GameAssembly.pdb" 
time="2020-07-11T14:49:04-04:00" level=info msg="Found 0 files to check, scanning for binary images now..." 
time="2020-07-11T14:49:04-04:00" level=info msg="Found 0 binary images to process (not all files contain a binary image, and some contain multiple images)" 
time="2020-07-11T15:01:03-04:00" level=info msg="Using filter: GameAssembly.pdb" 
time="2020-07-11T15:01:03-04:00" level=info msg="Found 0 files to check, scanning for binary images now..." 
time="2020-07-11T15:01:03-04:00" level=info msg="Found 0 binary images to process (not all files contain a binary image, and some contain multiple images)" 
time="2020-07-11T15:05:46-04:00" level=info msg="Using filter: GameAssembly.pdb" 
time="2020-07-11T15:05:46-04:00" level=info msg="Found 0 files to check, scanning for binary images now..." 
time="2020-07-11T15:05:46-04:00" level=info msg="Found 0 binary images to process (not all files contain a binary image, and some contain multiple images)" 
time="2020-07-11T22:02:20-04:00" level=info msg="Using filter: GameAssembly.pdb" 
time="2020-07-11T22:02:20-04:00" level=info msg="Found 0 files to check, scanning for binary images now..." 
time="2020-07-11T22:02:20-04:00" level=info msg="Found 0 binary images to process (not all files contain a binary image, and some contain multiple images)" 
time="2020-07-11T22:15:34-04:00" level=info msg="Using filter: GameAssembly.pdb" 
time="2020-07-11T22:15:34-04:00" level=info msg="Found 0 files to check, scanning for binary images now..." 
time="2020-07-11T22:15:34-04:00" level=info msg="Found 0 binary images to process (not all files contain a binary image, and some contain multiple images)" 
time="2020-07-11T22:17:02-04:00" level=info msg="Using filter: GameAssembly.pdb" 
time="2020-07-11T22:17:02-04:00" level=info msg="Found 0 files to check, scanning for binary images now..." 
time="2020-07-11T22:17:02-04:00" level=info msg="Found 0 binary images to process (not all files contain a binary image, and some contain multiple images)" 
time="2020-07-12T18:24:23-04:00" level=info msg="Using filter: GameAssembly.pdb" 
time="2020-07-12T18:24:23-04:00" level=info msg="Found 0 files to check, scanning for binary images now..." 
time="2020-07-12T18:24:23-04:00" level=info msg="Found 0 binary images to process (not all files contain a binary image, and some contain multiple images)" 
time="2020-08-31T00:57:28-04:00" level=info msg="Using filter: GameAssembly.pdb" 
time="2020-08-31T00:57:28-04:00" level=info msg="Found 0 files to check, scanning for binary images now..." 
time="2020-08-31T00:57:28-04:00" level=info msg="Found 0 binary images to process (not all files contain a binary image, and some contain multiple images)" 
time="2020-08-31T01:25:20-04:00" level=info msg="Using filter: GameAssembly.pdb" 
time="2020-08-31T01:25:20-04:00" level=info msg="Found 0 files to check, scanning for binary images now..." 
time="2020-08-31T01:25:20-04:00" level=info msg="Found 0 binary images to process (not all files contain a binary image, and some contain multiple images)" 
time="2020-08-31T01:34:52-04:00" level=info msg="Using filter: GameAssembly.pdb" 
time="2020-08-31T01:34:52-04:00" level=info msg="Found 0 files to check, scanning for binary images now..." 
time="2020-08-31T01:34:52-04:00" level=info msg="Found 0 binary images to process (not all files contain a binary image, and some contain multiple images)" 
time="2020-08-31T01:37:52-04:00" level=info msg="Using filter: GameAssembly.pdb" 
time="2020-08-31T01:37:52-04:00" level=info msg="Found 0 files to check, scanning for binary images now..." 
time="2020-08-31T01:37:52-04:00" level=info msg="Found 0 binary images to process (not all files contain a binary image, and some contain multiple images)" 
time="2020-09-07T03:02:26-04:00" level=info msg="Using filter: GameAssembly.pdb" 
time="2020-09-07T03:02:26-04:00" level=info msg="Found 0 files to check, scanning for binary images now..." 
time="2020-09-07T03:02:26-04:00" level=info msg="Found 0 binary images to process (not all files contain a binary image, and some contain multiple images)" 
time="2020-09-07T16:59:28-04:00" level=info msg="Using filter: GameAssembly.pdb" 
time="2020-09-07T16:59:28-04:00" level=info msg="Found 0 files to check, scanning for binary images now..." 
time="2020-09-07T16:59:28-04:00" level=info msg="Found 0 binary images to process (not all files contain a binary image, and some contain multiple images)" 
time="2020-09-13T02:47:05-04:00" level=info msg="Using filter: GameAssembly.pdb" 
time="2020-09-13T02:47:05-04:00" level=info msg="Found 0 files to check, scanning for binary images now..." 
time="2020-09-13T02:47:05-04:00" level=info msg="Found 0 binary images to process (not all files contain a binary image, and some contain multiple images)" 
